<?xml version="1.0" encoding="UTF-8"?>
<testsuite xmlns:xsi="http://www.w3.org/2001/XMLSchema-instance" xsi:noNamespaceSchemaLocation="https://maven.apache.org/surefire/maven-surefire-plugin/xsd/surefire-test-report.xsd" name="BE.AC.UMONS.AdditionTest" time="0.031" tests="2" errors="0" skipped="0" failures="0">
  <properties>
[...]
</properties>
  <testcase name="addEquals" classname="BE.AC.UMONS.AdditionTest" time="0.004"/>
  <testcase name="addNotEquals" classname="BE.AC.UMONS.AdditionTest" time="0.001"/>
</testsuite>